<?xml version="1.0" encoding="UTF-8"?>
<!-- Generated by org.testng.reporters.JUnitXMLReporter -->
<testsuite hostname="SYAM-DS0F3D813" name="RetryMultiple" tests="8" failures="8" timestamp="11 May 2018 09:34:28 GMT" time="0.056" errors="0">
  <testcase name="Test1" time="0.012" classname="testng.Test002">
    <failure type="java.lang.AssertionError" message="expected [true] but found [false]">
      <![CDATA[java.lang.AssertionError: expected [true] but found [false]
	at testng.Test002.Test1(Test002.java:12)
... Removed 29 stack frames]]>
    </failure>
  </testcase> <!-- Test1 -->
  <testcase name="Test1" time="0.001" classname="testng.Test002">
    <failure type="java.lang.AssertionError" message="expected [true] but found [false]">
      <![CDATA[java.lang.AssertionError: expected [true] but found [false]
	at testng.Test002.Test1(Test002.java:12)
... Removed 29 stack frames]]>
    </failure>
  </testcase> <!-- Test1 -->
  <testcase name="Test1" time="0.01" classname="testng.Test002">
    <failure type="java.lang.AssertionError" message="expected [true] but found [false]">
      <![CDATA[java.lang.AssertionError: expected [true] but found [false]
	at testng.Test002.Test1(Test002.java:12)
... Removed 29 stack frames]]>
    </failure>
  </testcase> <!-- Test1 -->
  <testcase name="Test1" time="0.0" classname="testng.Test002">
    <failure type="java.lang.AssertionError" message="expected [true] but found [false]">
      <![CDATA[java.lang.AssertionError: expected [true] but found [false]
	at testng.Test002.Test1(Test002.java:12)
... Removed 29 stack frames]]>
    </failure>
  </testcase> <!-- Test1 -->
  <testcase name="Test2" time="0.0" classname="testng.Test002">
    <failure type="java.lang.AssertionError" message="expected [true] but found [false]">
      <![CDATA[java.lang.AssertionError: expected [true] but found [false]
	at testng.Test002.Test2(Test002.java:19)
... Removed 29 stack frames]]>
    </failure>
  </testcase> <!-- Test2 -->
  <testcase name="Test2" time="0.0" classname="testng.Test002">
    <failure type="java.lang.AssertionError" message="expected [true] but found [false]">
      <![CDATA[java.lang.AssertionError: expected [true] but found [false]
	at testng.Test002.Test2(Test002.java:19)
... Removed 29 stack frames]]>
    </failure>
  </testcase> <!-- Test2 -->
  <testcase name="Test2" time="0.0" classname="testng.Test002">
    <failure type="java.lang.AssertionError" message="expected [true] but found [false]">
      <![CDATA[java.lang.AssertionError: expected [true] but found [false]
	at testng.Test002.Test2(Test002.java:19)
... Removed 29 stack frames]]>
    </failure>
  </testcase> <!-- Test2 -->
  <testcase name="Test2" time="0.0" classname="testng.Test002">
    <failure type="java.lang.AssertionError" message="expected [true] but found [false]">
      <![CDATA[java.lang.AssertionError: expected [true] but found [false]
	at testng.Test002.Test2(Test002.java:19)
... Removed 29 stack frames]]>
    </failure>
  </testcase> <!-- Test2 -->
</testsuite> <!-- RetryMultiple -->
