<?xml version="1.0" encoding="UTF-8"?>
<!-- Generated by org.testng.reporters.JUnitXMLReporter -->
<testsuite hostname="SYAM-DS0F3D813" name="Round1" tests="4" failures="0" timestamp="10 May 2018 06:39:28 GMT" time="0.063" errors="0">
  <testcase name="f" time="0.019" classname="testng.AnnotationTestNG"/>
  <testcase name="f" time="0.001" classname="testng.AnnotationTestNG"/>
  <testcase name="f" time="0.0" classname="testng.SecondAnnotationTestNG"/>
  <testcase name="f" time="0.0" classname="testng.SecondAnnotationTestNG"/>
</testsuite> <!-- Round1 -->
