<?xml version="1.0" encoding="UTF-8"?>
<!-- Generated by org.testng.reporters.JUnitXMLReporter -->
<testsuite hostname="DESKTOP-RGHPT2R" ignored="0" name="Round1" tests="4" failures="0" timestamp="26 May 2018 05:17:42 GMT" time="0.057" errors="0">
  <testcase name="f" time="0.0" classname="testng.AnnotationTestNG"/>
  <testcase name="f" time="0.0" classname="testng.AnnotationTestNG"/>
  <testcase name="f" time="0.0" classname="testng.SecondAnnotationTestNG"/>
  <testcase name="f" time="0.0" classname="testng.SecondAnnotationTestNG"/>
</testsuite> <!-- Round1 -->
