<?xml version="1.0" encoding="UTF-8"?>
<testng-results skipped="0" failed="0" ignored="0" total="1" passed="1">
  <reporter-output>
  </reporter-output>
  <suite name="Default suite" duration-ms="57879" started-at="2018-05-27T06:13:35Z" finished-at="2018-05-27T06:14:33Z">
    <groups>
    </groups>
    <test name="Default test" duration-ms="57879" started-at="2018-05-27T06:13:35Z" finished-at="2018-05-27T06:14:33Z">
      <class name="frames.Guru99Frames">
        <test-method status="PASS" signature="beforeClass()[pri:0, instance:frames.Guru99Frames@57e1b0c]" name="beforeClass" is-config="true" duration-ms="3458" started-at="2018-05-27T11:43:35Z" finished-at="2018-05-27T11:43:39Z">
          <reporter-output>
          </reporter-output>
        </test-method> <!-- beforeClass -->
        <test-method status="PASS" signature="f()[pri:0, instance:frames.Guru99Frames@57e1b0c]" name="f" duration-ms="53328" started-at="2018-05-27T11:43:39Z" finished-at="2018-05-27T11:44:32Z">
          <reporter-output>
          </reporter-output>
        </test-method> <!-- f -->
        <test-method status="PASS" signature="afterClass()[pri:0, instance:frames.Guru99Frames@57e1b0c]" name="afterClass" is-config="true" duration-ms="1069" started-at="2018-05-27T11:44:32Z" finished-at="2018-05-27T11:44:33Z">
          <reporter-output>
          </reporter-output>
        </test-method> <!-- afterClass -->
      </class> <!-- frames.Guru99Frames -->
    </test> <!-- Default test -->
  </suite> <!-- Default suite -->
</testng-results>
