<?xml version="1.0" encoding="UTF-8"?>
<testng-results skipped="0" failed="0" ignored="0" total="4" passed="4">
  <reporter-output>
  </reporter-output>
  <suite name="Demo=Suite" duration-ms="61" started-at="2018-05-26T04:45:16Z" finished-at="2018-05-26T04:45:16Z">
    <groups>
    </groups>
    <test name="Round1" duration-ms="61" started-at="2018-05-26T04:45:16Z" finished-at="2018-05-26T04:45:16Z">
      <class name="testng.AnnotationTestNG">
        <test-method status="PASS" signature="beforeSuite()[pri:0, instance:testng.AnnotationTestNG@11438d26]" name="beforeSuite" is-config="true" duration-ms="13" started-at="2018-05-26T10:15:16Z" finished-at="2018-05-26T10:15:16Z">
          <reporter-output>
          </reporter-output>
        </test-method> <!-- beforeSuite -->
        <test-method status="PASS" signature="beforeSuite()[pri:0, instance:testng.SecondAnnotationTestNG@34cd072c]" name="beforeSuite" is-config="true" duration-ms="0" started-at="2018-05-26T10:15:16Z" finished-at="2018-05-26T10:15:16Z">
          <reporter-output>
          </reporter-output>
        </test-method> <!-- beforeSuite -->
        <test-method status="PASS" signature="beforeTest()[pri:0, instance:testng.AnnotationTestNG@11438d26]" name="beforeTest" is-config="true" duration-ms="0" started-at="2018-05-26T10:15:16Z" finished-at="2018-05-26T10:15:16Z">
          <reporter-output>
          </reporter-output>
        </test-method> <!-- beforeTest -->
        <test-method status="PASS" signature="beforeTest()[pri:0, instance:testng.SecondAnnotationTestNG@34cd072c]" name="beforeTest" is-config="true" duration-ms="1" started-at="2018-05-26T10:15:16Z" finished-at="2018-05-26T10:15:16Z">
          <reporter-output>
          </reporter-output>
        </test-method> <!-- beforeTest -->
        <test-method status="PASS" signature="beforeClass()[pri:0, instance:testng.AnnotationTestNG@11438d26]" name="beforeClass" is-config="true" duration-ms="0" started-at="2018-05-26T10:15:16Z" finished-at="2018-05-26T10:15:16Z">
          <reporter-output>
          </reporter-output>
        </test-method> <!-- beforeClass -->
        <test-method status="PASS" signature="f(java.lang.Integer, java.lang.String)[pri:0, instance:testng.AnnotationTestNG@11438d26]" name="f" duration-ms="6" started-at="2018-05-26T10:15:16Z" data-provider="dp" finished-at="2018-05-26T10:15:16Z">
          <params>
            <param index="0">
              <value>
                <![CDATA[1]]>
              </value>
            </param>
            <param index="1">
              <value>
                <![CDATA[a]]>
              </value>
            </param>
          </params>
          <reporter-output>
          </reporter-output>
        </test-method> <!-- f -->
        <test-method status="PASS" signature="beforeMethod()[pri:0, instance:testng.AnnotationTestNG@11438d26]" name="beforeMethod" is-config="true" duration-ms="0" started-at="2018-05-26T10:15:16Z" finished-at="2018-05-26T10:15:16Z">
          <reporter-output>
          </reporter-output>
        </test-method> <!-- beforeMethod -->
        <test-method status="PASS" signature="afterMethod()[pri:0, instance:testng.AnnotationTestNG@11438d26]" name="afterMethod" is-config="true" duration-ms="1" started-at="2018-05-26T10:15:16Z" finished-at="2018-05-26T10:15:16Z">
          <reporter-output>
          </reporter-output>
        </test-method> <!-- afterMethod -->
        <test-method status="PASS" signature="beforeMethod()[pri:0, instance:testng.AnnotationTestNG@11438d26]" name="beforeMethod" is-config="true" duration-ms="1" started-at="2018-05-26T10:15:16Z" finished-at="2018-05-26T10:15:16Z">
          <reporter-output>
          </reporter-output>
        </test-method> <!-- beforeMethod -->
        <test-method status="PASS" signature="f(java.lang.Integer, java.lang.String)[pri:0, instance:testng.AnnotationTestNG@11438d26]" name="f" duration-ms="3" started-at="2018-05-26T10:15:16Z" data-provider="dp" finished-at="2018-05-26T10:15:16Z">
          <params>
            <param index="0">
              <value>
                <![CDATA[2]]>
              </value>
            </param>
            <param index="1">
              <value>
                <![CDATA[b]]>
              </value>
            </param>
          </params>
          <reporter-output>
          </reporter-output>
        </test-method> <!-- f -->
        <test-method status="PASS" signature="afterClass()[pri:0, instance:testng.AnnotationTestNG@11438d26]" name="afterClass" is-config="true" duration-ms="0" started-at="2018-05-26T10:15:16Z" finished-at="2018-05-26T10:15:16Z">
          <reporter-output>
          </reporter-output>
        </test-method> <!-- afterClass -->
        <test-method status="PASS" signature="afterMethod()[pri:0, instance:testng.AnnotationTestNG@11438d26]" name="afterMethod" is-config="true" duration-ms="0" started-at="2018-05-26T10:15:16Z" finished-at="2018-05-26T10:15:16Z">
          <reporter-output>
          </reporter-output>
        </test-method> <!-- afterMethod -->
        <test-method status="PASS" signature="afterTest()[pri:0, instance:testng.AnnotationTestNG@11438d26]" name="afterTest" is-config="true" duration-ms="1" started-at="2018-05-26T10:15:16Z" finished-at="2018-05-26T10:15:16Z">
          <reporter-output>
          </reporter-output>
        </test-method> <!-- afterTest -->
        <test-method status="PASS" signature="afterTest()[pri:0, instance:testng.SecondAnnotationTestNG@34cd072c]" name="afterTest" is-config="true" duration-ms="0" started-at="2018-05-26T10:15:16Z" finished-at="2018-05-26T10:15:16Z">
          <reporter-output>
          </reporter-output>
        </test-method> <!-- afterTest -->
        <test-method status="PASS" signature="afterSuite()[pri:0, instance:testng.AnnotationTestNG@11438d26]" name="afterSuite" is-config="true" duration-ms="1" started-at="2018-05-26T10:15:16Z" finished-at="2018-05-26T10:15:16Z">
          <reporter-output>
          </reporter-output>
        </test-method> <!-- afterSuite -->
        <test-method status="PASS" signature="afterSuite()[pri:0, instance:testng.SecondAnnotationTestNG@34cd072c]" name="afterSuite" is-config="true" duration-ms="2" started-at="2018-05-26T10:15:16Z" finished-at="2018-05-26T10:15:16Z">
          <reporter-output>
          </reporter-output>
        </test-method> <!-- afterSuite -->
      </class> <!-- testng.AnnotationTestNG -->
      <class name="testng.SecondAnnotationTestNG">
        <test-method status="PASS" signature="beforeClass()[pri:0, instance:testng.SecondAnnotationTestNG@34cd072c]" name="beforeClass" is-config="true" duration-ms="1" started-at="2018-05-26T10:15:16Z" finished-at="2018-05-26T10:15:16Z">
          <reporter-output>
          </reporter-output>
        </test-method> <!-- beforeClass -->
        <test-method status="PASS" signature="beforeMethod()[pri:0, instance:testng.SecondAnnotationTestNG@34cd072c]" name="beforeMethod" is-config="true" duration-ms="0" started-at="2018-05-26T10:15:16Z" finished-at="2018-05-26T10:15:16Z">
          <reporter-output>
          </reporter-output>
        </test-method> <!-- beforeMethod -->
        <test-method status="PASS" signature="f(java.lang.Integer, java.lang.String)[pri:0, instance:testng.SecondAnnotationTestNG@34cd072c]" name="f" duration-ms="2" started-at="2018-05-26T10:15:16Z" data-provider="dp" finished-at="2018-05-26T10:15:16Z">
          <params>
            <param index="0">
              <value>
                <![CDATA[1]]>
              </value>
            </param>
            <param index="1">
              <value>
                <![CDATA[a]]>
              </value>
            </param>
          </params>
          <reporter-output>
          </reporter-output>
        </test-method> <!-- f -->
        <test-method status="PASS" signature="afterMethod()[pri:0, instance:testng.SecondAnnotationTestNG@34cd072c]" name="afterMethod" is-config="true" duration-ms="1" started-at="2018-05-26T10:15:16Z" finished-at="2018-05-26T10:15:16Z">
          <reporter-output>
          </reporter-output>
        </test-method> <!-- afterMethod -->
        <test-method status="PASS" signature="beforeMethod()[pri:0, instance:testng.SecondAnnotationTestNG@34cd072c]" name="beforeMethod" is-config="true" duration-ms="0" started-at="2018-05-26T10:15:16Z" finished-at="2018-05-26T10:15:16Z">
          <reporter-output>
          </reporter-output>
        </test-method> <!-- beforeMethod -->
        <test-method status="PASS" signature="f(java.lang.Integer, java.lang.String)[pri:0, instance:testng.SecondAnnotationTestNG@34cd072c]" name="f" duration-ms="3" started-at="2018-05-26T10:15:16Z" data-provider="dp" finished-at="2018-05-26T10:15:16Z">
          <params>
            <param index="0">
              <value>
                <![CDATA[2]]>
              </value>
            </param>
            <param index="1">
              <value>
                <![CDATA[b]]>
              </value>
            </param>
          </params>
          <reporter-output>
          </reporter-output>
        </test-method> <!-- f -->
        <test-method status="PASS" signature="afterClass()[pri:0, instance:testng.SecondAnnotationTestNG@34cd072c]" name="afterClass" is-config="true" duration-ms="1" started-at="2018-05-26T10:15:16Z" finished-at="2018-05-26T10:15:16Z">
          <reporter-output>
          </reporter-output>
        </test-method> <!-- afterClass -->
        <test-method status="PASS" signature="afterMethod()[pri:0, instance:testng.SecondAnnotationTestNG@34cd072c]" name="afterMethod" is-config="true" duration-ms="0" started-at="2018-05-26T10:15:16Z" finished-at="2018-05-26T10:15:16Z">
          <reporter-output>
          </reporter-output>
        </test-method> <!-- afterMethod -->
      </class> <!-- testng.SecondAnnotationTestNG -->
    </test> <!-- Round1 -->
  </suite> <!-- Demo=Suite -->
</testng-results>
